{"/Users/igor/frontend-project-lvl2/src/index.js": {"path":"/Users/igor/frontend-project-lvl2/src/index.js","statementMap":{"0":{"start":{"line":5,"column":20},"end":{"line":13,"column":1}},"1":{"start":{"line":6,"column":30},"end":{"line":6,"column":72}},"2":{"start":{"line":7,"column":31},"end":{"line":7,"column":74}},"3":{"start":{"line":8,"column":27},"end":{"line":8,"column":72}},"4":{"start":{"line":9,"column":28},"end":{"line":9,"column":74}},"5":{"start":{"line":10,"column":26},"end":{"line":10,"column":54}},"6":{"start":{"line":11,"column":27},"end":{"line":11,"column":56}},"7":{"start":{"line":12,"column":2},"end":{"line":12,"column":45}},"8":{"start":{"line":14,"column":16},"end":{"line":37,"column":1}},"9":{"start":{"line":15,"column":46},"end":{"line":15,"column":88}},"10":{"start":{"line":16,"column":16},"end":{"line":16,"column":44}},"11":{"start":{"line":17,"column":16},"end":{"line":17,"column":45}},"12":{"start":{"line":18,"column":20},"end":{"line":18,"column":48}},"13":{"start":{"line":19,"column":15},"end":{"line":35,"column":8}},"14":{"start":{"line":20,"column":19},"end":{"line":20,"column":54}},"15":{"start":{"line":21,"column":19},"end":{"line":21,"column":55}},"16":{"start":{"line":22,"column":4},"end":{"line":24,"column":5}},"17":{"start":{"line":23,"column":6},"end":{"line":23,"column":59}},"18":{"start":{"line":25,"column":4},"end":{"line":27,"column":5}},"19":{"start":{"line":26,"column":6},"end":{"line":26,"column":60}},"20":{"start":{"line":28,"column":4},"end":{"line":30,"column":5}},"21":{"start":{"line":29,"column":6},"end":{"line":29,"column":59}},"22":{"start":{"line":31,"column":4},"end":{"line":33,"column":5}},"23":{"start":{"line":32,"column":6},"end":{"line":32,"column":97}},"24":{"start":{"line":34,"column":4},"end":{"line":34,"column":15}},"25":{"start":{"line":36,"column":2},"end":{"line":36,"column":23}}},"fnMap":{"0":{"name":"(anonymous_0)","decl":{"start":{"line":5,"column":20},"end":{"line":5,"column":21}},"loc":{"start":{"line":5,"column":55},"end":{"line":13,"column":1}},"line":5},"1":{"name":"(anonymous_1)","decl":{"start":{"line":14,"column":16},"end":{"line":14,"column":17}},"loc":{"start":{"line":14,"column":51},"end":{"line":37,"column":1}},"line":14},"2":{"name":"(anonymous_2)","decl":{"start":{"line":19,"column":32},"end":{"line":19,"column":33}},"loc":{"start":{"line":19,"column":46},"end":{"line":35,"column":3}},"line":19}},"branchMap":{"0":{"loc":{"start":{"line":22,"column":4},"end":{"line":24,"column":5}},"type":"if","locations":[{"start":{"line":22,"column":4},"end":{"line":24,"column":5}},{"start":{},"end":{}}],"line":22},"1":{"loc":{"start":{"line":25,"column":4},"end":{"line":27,"column":5}},"type":"if","locations":[{"start":{"line":25,"column":4},"end":{"line":27,"column":5}},{"start":{},"end":{}}],"line":25},"2":{"loc":{"start":{"line":28,"column":4},"end":{"line":30,"column":5}},"type":"if","locations":[{"start":{"line":28,"column":4},"end":{"line":30,"column":5}},{"start":{},"end":{}}],"line":28},"3":{"loc":{"start":{"line":31,"column":4},"end":{"line":33,"column":5}},"type":"if","locations":[{"start":{"line":31,"column":4},"end":{"line":33,"column":5}},{"start":{},"end":{}}],"line":31},"4":{"loc":{"start":{"line":31,"column":8},"end":{"line":31,"column":74}},"type":"binary-expr","locations":[{"start":{"line":31,"column":8},"end":{"line":31,"column":14}},{"start":{"line":31,"column":18},"end":{"line":31,"column":24}},{"start":{"line":31,"column":28},"end":{"line":31,"column":74}}],"line":31}},"s":{"0":1,"1":1,"2":1,"3":1,"4":1,"5":1,"6":1,"7":1,"8":1,"9":1,"10":1,"11":1,"12":1,"13":1,"14":5,"15":5,"16":5,"17":1,"18":4,"19":1,"20":3,"21":2,"22":1,"23":1,"24":0,"25":1},"f":{"0":1,"1":1,"2":5},"b":{"0":[1,4],"1":[1,3],"2":[2,1],"3":[1,0],"4":[1,1,1]},"_coverageSchema":"1a1c01bbd47fc00a2c39e90264f33305004495a9","hash":"8866a68ecbfb3c65f32dffa66e7ff4ebbd035241"}
}
