TN:
SF:src/index.js
FN:5,(anonymous_0)
FN:14,(anonymous_1)
FN:19,(anonymous_2)
FNF:3
FNH:3
FNDA:1,(anonymous_0)
FNDA:1,(anonymous_1)
FNDA:5,(anonymous_2)
DA:5,1
DA:6,1
DA:7,1
DA:8,1
DA:9,1
DA:10,1
DA:11,1
DA:12,1
DA:14,1
DA:15,1
DA:16,1
DA:17,1
DA:18,1
DA:19,1
DA:20,5
DA:21,5
DA:22,5
DA:23,1
DA:25,4
DA:26,1
DA:28,3
DA:29,2
DA:31,1
DA:32,1
DA:34,0
DA:36,1
LF:26
LH:25
BRDA:22,0,0,1
BRDA:22,0,1,4
BRDA:25,1,0,1
BRDA:25,1,1,3
BRDA:28,2,0,2
BRDA:28,2,1,1
BRDA:31,3,0,1
BRDA:31,3,1,0
BRDA:31,4,0,1
BRDA:31,4,1,1
BRDA:31,4,2,1
BRF:11
BRH:10
end_of_record
